{"D:\\DiBimbing .ID Batch7\\Day 39\\backend-test\\server\\helpers.js": {"path":"D:\\DiBimbing .ID Batch7\\Day 39\\backend-test\\server\\helpers.js","statementMap":{"0":{"start":{"line":2,"column":15},"end":{"line":2,"column":28}},"1":{"start":{"line":3,"column":4},"end":{"line":5,"column":5}},"2":{"start":{"line":4,"column":8},"end":{"line":4,"column":39}},"3":{"start":{"line":6,"column":4},"end":{"line":6,"column":56}},"4":{"start":{"line":10,"column":15},"end":{"line":10,"column":36}},"5":{"start":{"line":11,"column":4},"end":{"line":13,"column":5}},"6":{"start":{"line":12,"column":8},"end":{"line":12,"column":39}},"7":{"start":{"line":14,"column":4},"end":{"line":14,"column":64}},"8":{"start":{"line":18,"column":4},"end":{"line":20,"column":6}},"9":{"start":{"line":19,"column":8},"end":{"line":19,"column":37}},"10":{"start":{"line":23,"column":0},"end":{"line":23,"column":64}}},"fnMap":{"0":{"name":"getIdParam","decl":{"start":{"line":1,"column":9},"end":{"line":1,"column":19}},"loc":{"start":{"line":1,"column":25},"end":{"line":7,"column":1}},"line":1},"1":{"name":"getMerchantIdParam","decl":{"start":{"line":9,"column":9},"end":{"line":9,"column":27}},"loc":{"start":{"line":9,"column":33},"end":{"line":15,"column":1}},"line":9},"2":{"name":"checkError","decl":{"start":{"line":17,"column":9},"end":{"line":17,"column":19}},"loc":{"start":{"line":17,"column":29},"end":{"line":21,"column":1}},"line":17},"3":{"name":"(anonymous_3)","decl":{"start":{"line":18,"column":11},"end":{"line":18,"column":12}},"loc":{"start":{"line":18,"column":37},"end":{"line":20,"column":5}},"line":18}},"branchMap":{"0":{"loc":{"start":{"line":3,"column":4},"end":{"line":5,"column":5}},"type":"if","locations":[{"start":{"line":3,"column":4},"end":{"line":5,"column":5}},{"start":{},"end":{}}],"line":3},"1":{"loc":{"start":{"line":11,"column":4},"end":{"line":13,"column":5}},"type":"if","locations":[{"start":{"line":11,"column":4},"end":{"line":13,"column":5}},{"start":{},"end":{}}],"line":11}},"s":{"0":2,"1":2,"2":2,"3":0,"4":0,"5":0,"6":0,"7":0,"8":0,"9":0,"10":1},"f":{"0":2,"1":0,"2":0,"3":0},"b":{"0":[2,0],"1":[0,0]},"_coverageSchema":"1a1c01bbd47fc00a2c39e90264f33305004495a9","hash":"40d46a778f6c3117afc7333f04dd7a2139a22ac6"}
,"D:\\DiBimbing .ID Batch7\\Day 39\\backend-test\\server\\handlers\\math.js": {"path":"D:\\DiBimbing .ID Batch7\\Day 39\\backend-test\\server\\handlers\\math.js","statementMap":{"0":{"start":{"line":1,"column":18},"end":{"line":1,"column":60}},"1":{"start":{"line":3,"column":21},"end":{"line":19,"column":1}},"2":{"start":{"line":4,"column":18},"end":{"line":4,"column":26}},"3":{"start":{"line":5,"column":4},"end":{"line":18,"column":5}},"4":{"start":{"line":6,"column":23},"end":{"line":6,"column":54}},"5":{"start":{"line":7,"column":8},"end":{"line":10,"column":11}},"6":{"start":{"line":12,"column":8},"end":{"line":15,"column":11}},"7":{"start":{"line":17,"column":8},"end":{"line":17,"column":18}},"8":{"start":{"line":21,"column":19},"end":{"line":28,"column":1}},"9":{"start":{"line":22,"column":19},"end":{"line":22,"column":47}},"10":{"start":{"line":23,"column":4},"end":{"line":26,"column":7}},"11":{"start":{"line":30,"column":19},"end":{"line":36,"column":1}},"12":{"start":{"line":31,"column":19},"end":{"line":31,"column":47}},"13":{"start":{"line":32,"column":4},"end":{"line":35,"column":7}},"14":{"start":{"line":38,"column":12},"end":{"line":54,"column":1}},"15":{"start":{"line":39,"column":21},"end":{"line":39,"column":29}},"16":{"start":{"line":40,"column":4},"end":{"line":53,"column":5}},"17":{"start":{"line":41,"column":23},"end":{"line":41,"column":48}},"18":{"start":{"line":42,"column":8},"end":{"line":45,"column":11}},"19":{"start":{"line":47,"column":8},"end":{"line":50,"column":11}},"20":{"start":{"line":52,"column":8},"end":{"line":52,"column":18}},"21":{"start":{"line":56,"column":16},"end":{"line":63,"column":1}},"22":{"start":{"line":57,"column":19},"end":{"line":57,"column":44}},"23":{"start":{"line":58,"column":4},"end":{"line":61,"column":7}},"24":{"start":{"line":62,"column":4},"end":{"line":62,"column":14}},"25":{"start":{"line":65,"column":0},"end":{"line":71,"column":2}}},"fnMap":{"0":{"name":"(anonymous_0)","decl":{"start":{"line":3,"column":21},"end":{"line":3,"column":22}},"loc":{"start":{"line":3,"column":41},"end":{"line":19,"column":1}},"line":3},"1":{"name":"(anonymous_1)","decl":{"start":{"line":21,"column":19},"end":{"line":21,"column":20}},"loc":{"start":{"line":21,"column":38},"end":{"line":28,"column":1}},"line":21},"2":{"name":"(anonymous_2)","decl":{"start":{"line":30,"column":19},"end":{"line":30,"column":20}},"loc":{"start":{"line":30,"column":38},"end":{"line":36,"column":1}},"line":30},"3":{"name":"(anonymous_3)","decl":{"start":{"line":38,"column":12},"end":{"line":38,"column":13}},"loc":{"start":{"line":38,"column":32},"end":{"line":54,"column":1}},"line":38},"4":{"name":"(anonymous_4)","decl":{"start":{"line":56,"column":16},"end":{"line":56,"column":17}},"loc":{"start":{"line":56,"column":36},"end":{"line":63,"column":1}},"line":56}},"branchMap":{},"s":{"0":8,"1":8,"2":4,"3":4,"4":4,"5":3,"6":1,"7":4,"8":8,"9":2,"10":2,"11":8,"12":2,"13":2,"14":8,"15":2,"16":2,"17":2,"18":2,"19":0,"20":2,"21":8,"22":2,"23":2,"24":2,"25":8},"f":{"0":4,"1":2,"2":2,"3":2,"4":2},"b":{},"_coverageSchema":"1a1c01bbd47fc00a2c39e90264f33305004495a9","hash":"0208d34fe86b7b5d545624b9b74b3df83dc516c2"}
,"D:\\DiBimbing .ID Batch7\\Day 39\\backend-test\\server\\handlers\\merchants.js": {"path":"D:\\DiBimbing .ID Batch7\\Day 39\\backend-test\\server\\handlers\\merchants.js","statementMap":{"0":{"start":{"line":1,"column":19},"end":{"line":1,"column":43}},"1":{"start":{"line":2,"column":23},"end":{"line":2,"column":44}},"2":{"start":{"line":3,"column":15},"end":{"line":3,"column":32}},"3":{"start":{"line":6,"column":22},"end":{"line":8,"column":6}},"4":{"start":{"line":9,"column":4},"end":{"line":9,"column":36}},"5":{"start":{"line":13,"column":15},"end":{"line":13,"column":30}},"6":{"start":{"line":14,"column":21},"end":{"line":19,"column":6}},"7":{"start":{"line":20,"column":4},"end":{"line":24,"column":5}},"8":{"start":{"line":21,"column":8},"end":{"line":21,"column":39}},"9":{"start":{"line":23,"column":8},"end":{"line":23,"column":48}},"10":{"start":{"line":28,"column":54},"end":{"line":28,"column":62}},"11":{"start":{"line":29,"column":17},"end":{"line":29,"column":39}},"12":{"start":{"line":30,"column":27},"end":{"line":30,"column":60}},"13":{"start":{"line":31,"column":4},"end":{"line":44,"column":5}},"14":{"start":{"line":32,"column":8},"end":{"line":32,"column":122}},"15":{"start":{"line":34,"column":8},"end":{"line":40,"column":11}},"16":{"start":{"line":41,"column":8},"end":{"line":43,"column":11}},"17":{"start":{"line":49,"column":15},"end":{"line":49,"column":30}},"18":{"start":{"line":50,"column":4},"end":{"line":54,"column":7}},"19":{"start":{"line":55,"column":4},"end":{"line":55,"column":47}},"20":{"start":{"line":58,"column":0},"end":{"line":63,"column":2}}},"fnMap":{"0":{"name":"getAll","decl":{"start":{"line":5,"column":15},"end":{"line":5,"column":21}},"loc":{"start":{"line":5,"column":32},"end":{"line":10,"column":1}},"line":5},"1":{"name":"getById","decl":{"start":{"line":12,"column":15},"end":{"line":12,"column":22}},"loc":{"start":{"line":12,"column":33},"end":{"line":25,"column":1}},"line":12},"2":{"name":"create","decl":{"start":{"line":27,"column":15},"end":{"line":27,"column":21}},"loc":{"start":{"line":27,"column":32},"end":{"line":45,"column":1}},"line":27},"3":{"name":"remove","decl":{"start":{"line":48,"column":15},"end":{"line":48,"column":21}},"loc":{"start":{"line":48,"column":32},"end":{"line":56,"column":1}},"line":48}},"branchMap":{"0":{"loc":{"start":{"line":20,"column":4},"end":{"line":24,"column":5}},"type":"if","locations":[{"start":{"line":20,"column":4},"end":{"line":24,"column":5}},{"start":{"line":22,"column":11},"end":{"line":24,"column":5}}],"line":20},"1":{"loc":{"start":{"line":31,"column":4},"end":{"line":44,"column":5}},"type":"if","locations":[{"start":{"line":31,"column":4},"end":{"line":44,"column":5}},{"start":{"line":33,"column":11},"end":{"line":44,"column":5}}],"line":31}},"s":{"0":1,"1":1,"2":1,"3":0,"4":0,"5":2,"6":2,"7":2,"8":1,"9":1,"10":2,"11":2,"12":2,"13":2,"14":1,"15":1,"16":1,"17":0,"18":0,"19":0,"20":1},"f":{"0":0,"1":2,"2":2,"3":0},"b":{"0":[1,1],"1":[1,1]},"_coverageSchema":"1a1c01bbd47fc00a2c39e90264f33305004495a9","hash":"bfc7d9a83dd4004b495c3e9cade2d614fbe2854b"}
,"D:\\DiBimbing .ID Batch7\\Day 39\\backend-test\\storage\\models\\math.model.js": {"path":"D:\\DiBimbing .ID Batch7\\Day 39\\backend-test\\storage\\models\\math.model.js","statementMap":{"0":{"start":{"line":2,"column":4},"end":{"line":4,"column":5}},"1":{"start":{"line":3,"column":8},"end":{"line":3,"column":45}},"2":{"start":{"line":5,"column":4},"end":{"line":5,"column":42}},"3":{"start":{"line":9,"column":4},"end":{"line":9,"column":22}},"4":{"start":{"line":13,"column":4},"end":{"line":13,"column":36}},"5":{"start":{"line":17,"column":22},"end":{"line":17,"column":38}},"6":{"start":{"line":18,"column":4},"end":{"line":18,"column":27}},"7":{"start":{"line":19,"column":4},"end":{"line":19,"column":68}},"8":{"start":{"line":24,"column":17},"end":{"line":24,"column":33}},"9":{"start":{"line":25,"column":4},"end":{"line":25,"column":74}},"10":{"start":{"line":29,"column":4},"end":{"line":29,"column":17}},"11":{"start":{"line":33,"column":4},"end":{"line":33,"column":13}},"12":{"start":{"line":36,"column":0},"end":{"line":44,"column":2}}},"fnMap":{"0":{"name":"checkOddEven","decl":{"start":{"line":1,"column":9},"end":{"line":1,"column":21}},"loc":{"start":{"line":1,"column":27},"end":{"line":6,"column":1}},"line":1},"1":{"name":"getCurrentDate","decl":{"start":{"line":8,"column":9},"end":{"line":8,"column":23}},"loc":{"start":{"line":8,"column":25},"end":{"line":10,"column":1}},"line":8},"2":{"name":"getCurrentYear","decl":{"start":{"line":12,"column":9},"end":{"line":12,"column":23}},"loc":{"start":{"line":12,"column":25},"end":{"line":14,"column":1}},"line":12},"3":{"name":"isWeekDays","decl":{"start":{"line":16,"column":9},"end":{"line":16,"column":19}},"loc":{"start":{"line":16,"column":21},"end":{"line":21,"column":1}},"line":16},"4":{"name":"isleapYear","decl":{"start":{"line":23,"column":9},"end":{"line":23,"column":19}},"loc":{"start":{"line":23,"column":21},"end":{"line":26,"column":1}},"line":23},"5":{"name":"sum","decl":{"start":{"line":28,"column":9},"end":{"line":28,"column":12}},"loc":{"start":{"line":28,"column":19},"end":{"line":30,"column":1}},"line":28},"6":{"name":"getZero","decl":{"start":{"line":32,"column":9},"end":{"line":32,"column":16}},"loc":{"start":{"line":32,"column":19},"end":{"line":34,"column":1}},"line":32}},"branchMap":{"0":{"loc":{"start":{"line":2,"column":4},"end":{"line":4,"column":5}},"type":"if","locations":[{"start":{"line":2,"column":4},"end":{"line":4,"column":5}},{"start":{},"end":{}}],"line":2},"1":{"loc":{"start":{"line":5,"column":11},"end":{"line":5,"column":41}},"type":"cond-expr","locations":[{"start":{"line":5,"column":27},"end":{"line":5,"column":33}},{"start":{"line":5,"column":36},"end":{"line":5,"column":41}}],"line":5},"2":{"loc":{"start":{"line":19,"column":11},"end":{"line":19,"column":67}},"type":"binary-expr","locations":[{"start":{"line":19,"column":12},"end":{"line":19,"column":36}},{"start":{"line":19,"column":42},"end":{"line":19,"column":66}}],"line":19},"3":{"loc":{"start":{"line":25,"column":11},"end":{"line":25,"column":73}},"type":"binary-expr","locations":[{"start":{"line":25,"column":13},"end":{"line":25,"column":27}},{"start":{"line":25,"column":33},"end":{"line":25,"column":49}},{"start":{"line":25,"column":56},"end":{"line":25,"column":72}}],"line":25}},"s":{"0":3,"1":1,"2":2,"3":2,"4":2,"5":2,"6":2,"7":2,"8":2,"9":2,"10":1,"11":1,"12":5},"f":{"0":3,"1":2,"2":2,"3":2,"4":2,"5":1,"6":1},"b":{"0":[1,2],"1":[1,1],"2":[2,1],"3":[2,1,2]},"_coverageSchema":"1a1c01bbd47fc00a2c39e90264f33305004495a9","hash":"10fb4338ba9a63b4158cd2f329c42f0d06f604cc"}
}
