TN:
SF:server\helpers.js
FN:1,getIdParam
FN:9,getMerchantIdParam
FN:17,checkError
FN:18,(anonymous_3)
FNF:4
FNH:1
FNDA:2,getIdParam
FNDA:0,getMerchantIdParam
FNDA:0,checkError
FNDA:0,(anonymous_3)
DA:2,2
DA:3,2
DA:4,2
DA:6,0
DA:10,0
DA:11,0
DA:12,0
DA:14,0
DA:18,0
DA:19,0
DA:23,1
LF:11
LH:4
BRDA:3,0,0,2
BRDA:3,0,1,0
BRDA:11,1,0,0
BRDA:11,1,1,0
BRF:4
BRH:1
end_of_record
TN:
SF:server\handlers\math.js
FN:3,(anonymous_0)
FN:21,(anonymous_1)
FN:30,(anonymous_2)
FN:38,(anonymous_3)
FN:56,(anonymous_4)
FNF:5
FNH:5
FNDA:4,(anonymous_0)
FNDA:2,(anonymous_1)
FNDA:2,(anonymous_2)
FNDA:2,(anonymous_3)
FNDA:2,(anonymous_4)
DA:1,8
DA:3,8
DA:4,4
DA:5,4
DA:6,4
DA:7,3
DA:12,1
DA:17,4
DA:21,8
DA:22,2
DA:23,2
DA:30,8
DA:31,2
DA:32,2
DA:38,8
DA:39,2
DA:40,2
DA:41,2
DA:42,2
DA:47,0
DA:52,2
DA:56,8
DA:57,2
DA:58,2
DA:62,2
DA:65,8
LF:26
LH:25
BRF:0
BRH:0
end_of_record
TN:
SF:server\handlers\merchants.js
FN:5,getAll
FN:12,getById
FN:27,create
FN:48,remove
FNF:4
FNH:2
FNDA:0,getAll
FNDA:2,getById
FNDA:2,create
FNDA:0,remove
DA:1,1
DA:2,1
DA:3,1
DA:6,0
DA:9,0
DA:13,2
DA:14,2
DA:20,2
DA:21,1
DA:23,1
DA:28,2
DA:29,2
DA:30,2
DA:31,2
DA:32,1
DA:34,1
DA:41,1
DA:49,0
DA:50,0
DA:55,0
DA:58,1
LF:21
LH:16
BRDA:20,0,0,1
BRDA:20,0,1,1
BRDA:31,1,0,1
BRDA:31,1,1,1
BRF:4
BRH:4
end_of_record
TN:
SF:storage\models\math.model.js
FN:1,checkOddEven
FN:8,getCurrentDate
FN:12,getCurrentYear
FN:16,isWeekDays
FN:23,isleapYear
FN:28,sum
FN:32,getZero
FNF:7
FNH:7
FNDA:3,checkOddEven
FNDA:2,getCurrentDate
FNDA:2,getCurrentYear
FNDA:2,isWeekDays
FNDA:2,isleapYear
FNDA:1,sum
FNDA:1,getZero
DA:2,3
DA:3,1
DA:5,2
DA:9,2
DA:13,2
DA:17,2
DA:18,2
DA:19,2
DA:24,2
DA:25,2
DA:29,1
DA:33,1
DA:36,5
LF:13
LH:13
BRDA:2,0,0,1
BRDA:2,0,1,2
BRDA:5,1,0,1
BRDA:5,1,1,1
BRDA:19,2,0,2
BRDA:19,2,1,1
BRDA:25,3,0,2
BRDA:25,3,1,1
BRDA:25,3,2,2
BRF:9
BRH:9
end_of_record
